<?xml version="1.0" encoding="UTF-8"?>
<testng-results skipped="0" failed="1" total="3" passed="2">
  <reporter-output>
  </reporter-output>
  <suite name="Command line suite" duration-ms="63581" started-at="2017-07-19T05:33:12Z" finished-at="2017-07-19T05:34:16Z">
    <groups>
    </groups>
    <test name="Command line test" duration-ms="63581" started-at="2017-07-19T05:33:12Z" finished-at="2017-07-19T05:34:16Z">
      <class name="com.fb.web.FbTest">
        <test-method status="PASS" signature="setUp()[pri:0, instance:com.fb.web.FbTest@3a82f6ef]" name="setUp" is-config="true" duration-ms="28048" started-at="2017-07-19T11:03:12Z" finished-at="2017-07-19T11:03:40Z">
          <reporter-output>
          </reporter-output>
        </test-method> <!-- setUp -->
        <test-method status="PASS" signature="verifyHomeScreen()[pri:1, instance:com.fb.web.FbTest@3a82f6ef]" name="verifyHomeScreen" duration-ms="903" started-at="2017-07-19T11:03:40Z" finished-at="2017-07-19T11:03:41Z">
          <reporter-output>
          </reporter-output>
        </test-method> <!-- verifyHomeScreen -->
        <test-method status="PASS" signature="verifyHomeTabs()[pri:2, instance:com.fb.web.FbTest@3a82f6ef]" name="verifyHomeTabs" duration-ms="11505" started-at="2017-07-19T11:03:41Z" finished-at="2017-07-19T11:03:53Z">
          <reporter-output>
          </reporter-output>
        </test-method> <!-- verifyHomeTabs -->
        <test-method status="FAIL" signature="startTutorials()[pri:3, instance:com.fb.web.FbTest@3a82f6ef]" name="startTutorials" duration-ms="20183" started-at="2017-07-19T11:03:53Z" finished-at="2017-07-19T11:04:13Z">
          <exception class="java.lang.AssertionError">
            <message>
              <![CDATA[expected [AboutUs] but found [test]]]>
            </message>
            <full-stacktrace>
              <![CDATA[java.lang.AssertionError: expected [AboutUs] but found [test]
	at org.testng.Assert.fail(Assert.java:94)
	at org.testng.Assert.failNotEquals(Assert.java:513)
	at org.testng.Assert.assertEqualsImpl(Assert.java:135)
	at org.testng.Assert.assertEquals(Assert.java:116)
	at org.testng.Assert.assertEquals(Assert.java:190)
	at org.testng.Assert.assertEquals(Assert.java:200)
	at com.fb.object.TopicsPage.verifyQuestions(TopicsPage.java:149)
	at com.fb.web.FbTest.startTutorials(FbTest.java:105)
	at sun.reflect.NativeMethodAccessorImpl.invoke0(Native Method)
	at sun.reflect.NativeMethodAccessorImpl.invoke(NativeMethodAccessorImpl.java:62)
	at sun.reflect.DelegatingMethodAccessorImpl.invoke(DelegatingMethodAccessorImpl.java:43)
	at java.lang.reflect.Method.invoke(Method.java:498)
	at org.testng.internal.MethodInvocationHelper.invokeMethod(MethodInvocationHelper.java:86)
	at org.testng.internal.Invoker.invokeMethod(Invoker.java:643)
	at org.testng.internal.Invoker.invokeTestMethod(Invoker.java:820)
	at org.testng.internal.Invoker.invokeTestMethods(Invoker.java:1128)
	at org.testng.internal.TestMethodWorker.invokeTestMethods(TestMethodWorker.java:129)
	at org.testng.internal.TestMethodWorker.run(TestMethodWorker.java:112)
	at org.testng.TestRunner.privateRun(TestRunner.java:782)
	at org.testng.TestRunner.run(TestRunner.java:632)
	at org.testng.SuiteRunner.runTest(SuiteRunner.java:366)
	at org.testng.SuiteRunner.runSequentially(SuiteRunner.java:361)
	at org.testng.SuiteRunner.privateRun(SuiteRunner.java:319)
	at org.testng.SuiteRunner.run(SuiteRunner.java:268)
	at org.testng.SuiteRunnerWorker.runSuite(SuiteRunnerWorker.java:52)
	at org.testng.SuiteRunnerWorker.run(SuiteRunnerWorker.java:86)
	at org.testng.TestNG.runSuitesSequentially(TestNG.java:1244)
	at org.testng.TestNG.runSuitesLocally(TestNG.java:1169)
	at org.testng.TestNG.run(TestNG.java:1064)
	at org.apache.maven.surefire.testng.TestNGExecutor.run(TestNGExecutor.java:70)
	at org.apache.maven.surefire.testng.TestNGDirectoryTestSuite.executeMulti(TestNGDirectoryTestSuite.java:158)
	at org.apache.maven.surefire.testng.TestNGDirectoryTestSuite.execute(TestNGDirectoryTestSuite.java:98)
	at org.apache.maven.surefire.testng.TestNGProvider.invoke(TestNGProvider.java:111)
	at sun.reflect.NativeMethodAccessorImpl.invoke0(Native Method)
	at sun.reflect.NativeMethodAccessorImpl.invoke(NativeMethodAccessorImpl.java:62)
	at sun.reflect.DelegatingMethodAccessorImpl.invoke(DelegatingMethodAccessorImpl.java:43)
	at java.lang.reflect.Method.invoke(Method.java:498)
	at org.apache.maven.surefire.util.ReflectionUtils.invokeMethodWithArray(ReflectionUtils.java:164)
	at org.apache.maven.surefire.booter.ProviderFactory$ProviderProxy.invoke(ProviderFactory.java:110)
	at org.apache.maven.surefire.booter.SurefireStarter.invokeProvider(SurefireStarter.java:175)
	at org.apache.maven.surefire.booter.SurefireStarter.runSuitesInProcessWhenForked(SurefireStarter.java:107)
	at org.apache.maven.surefire.booter.ForkedBooter.main(ForkedBooter.java:68)
]]>
            </full-stacktrace>
          </exception> <!-- java.lang.AssertionError -->
          <reporter-output>
          </reporter-output>
        </test-method> <!-- startTutorials -->
        <test-method status="PASS" signature="teardown()[pri:0, instance:com.fb.web.FbTest@3a82f6ef]" name="teardown" is-config="true" duration-ms="2925" started-at="2017-07-19T11:04:13Z" finished-at="2017-07-19T11:04:16Z">
          <reporter-output>
          </reporter-output>
        </test-method> <!-- teardown -->
      </class> <!-- com.fb.web.FbTest -->
    </test> <!-- Command line test -->
  </suite> <!-- Command line suite -->
</testng-results>
