<?xml version="1.0" encoding="UTF-8"?>
<testng-results skipped="0" failed="1" total="3" passed="2">
  <reporter-output>
  </reporter-output>
  <suite name="Default suite" duration-ms="48687" started-at="2017-07-19T05:23:25Z" finished-at="2017-07-19T05:24:14Z">
    <groups>
    </groups>
    <test name="Default test" duration-ms="48687" started-at="2017-07-19T05:23:25Z" finished-at="2017-07-19T05:24:14Z">
      <class name="com.fb.web.FbTest">
        <test-method status="PASS" signature="setUp()[pri:0, instance:com.fb.web.FbTest@5abca1e0]" name="setUp" is-config="true" duration-ms="12702" started-at="2017-07-19T10:53:25Z" finished-at="2017-07-19T10:53:38Z">
          <reporter-output>
          </reporter-output>
        </test-method> <!-- setUp -->
        <test-method status="PASS" signature="verifyHomeScreen()[pri:1, instance:com.fb.web.FbTest@5abca1e0]" name="verifyHomeScreen" duration-ms="793" started-at="2017-07-19T10:53:38Z" finished-at="2017-07-19T10:53:39Z">
          <reporter-output>
          </reporter-output>
        </test-method> <!-- verifyHomeScreen -->
        <test-method status="PASS" signature="verifyHomeTabs()[pri:2, instance:com.fb.web.FbTest@5abca1e0]" name="verifyHomeTabs" duration-ms="11148" started-at="2017-07-19T10:53:39Z" finished-at="2017-07-19T10:53:50Z">
          <reporter-output>
          </reporter-output>
        </test-method> <!-- verifyHomeTabs -->
        <test-method status="FAIL" signature="startTutorials()[pri:3, instance:com.fb.web.FbTest@5abca1e0]" name="startTutorials" duration-ms="21342" started-at="2017-07-19T10:53:50Z" finished-at="2017-07-19T10:54:11Z">
          <exception class="java.lang.AssertionError">
            <message>
              <![CDATA[expected [AboutUs] but found [test]]]>
            </message>
            <full-stacktrace>
              <![CDATA[java.lang.AssertionError: expected [AboutUs] but found [test]
	at org.testng.Assert.fail(Assert.java:94)
	at org.testng.Assert.failNotEquals(Assert.java:513)
	at org.testng.Assert.assertEqualsImpl(Assert.java:135)
	at org.testng.Assert.assertEquals(Assert.java:116)
	at org.testng.Assert.assertEquals(Assert.java:190)
	at org.testng.Assert.assertEquals(Assert.java:200)
	at com.fb.object.TopicsPage.verifyQuestions(TopicsPage.java:149)
	at com.fb.web.FbTest.startTutorials(FbTest.java:105)
	at sun.reflect.NativeMethodAccessorImpl.invoke0(Native Method)
	at sun.reflect.NativeMethodAccessorImpl.invoke(NativeMethodAccessorImpl.java:62)
	at sun.reflect.DelegatingMethodAccessorImpl.invoke(DelegatingMethodAccessorImpl.java:43)
	at java.lang.reflect.Method.invoke(Method.java:498)
	at org.testng.internal.MethodInvocationHelper.invokeMethod(MethodInvocationHelper.java:86)
	at org.testng.internal.Invoker.invokeMethod(Invoker.java:643)
	at org.testng.internal.Invoker.invokeTestMethod(Invoker.java:820)
	at org.testng.internal.Invoker.invokeTestMethods(Invoker.java:1128)
	at org.testng.internal.TestMethodWorker.invokeTestMethods(TestMethodWorker.java:129)
	at org.testng.internal.TestMethodWorker.run(TestMethodWorker.java:112)
	at org.testng.TestRunner.privateRun(TestRunner.java:782)
	at org.testng.TestRunner.run(TestRunner.java:632)
	at org.testng.SuiteRunner.runTest(SuiteRunner.java:366)
	at org.testng.SuiteRunner.runSequentially(SuiteRunner.java:361)
	at org.testng.SuiteRunner.privateRun(SuiteRunner.java:319)
	at org.testng.SuiteRunner.run(SuiteRunner.java:268)
	at org.testng.SuiteRunnerWorker.runSuite(SuiteRunnerWorker.java:52)
	at org.testng.SuiteRunnerWorker.run(SuiteRunnerWorker.java:86)
	at org.testng.TestNG.runSuitesSequentially(TestNG.java:1244)
	at org.testng.TestNG.runSuitesLocally(TestNG.java:1169)
	at org.testng.TestNG.run(TestNG.java:1064)
	at org.testng.remote.AbstractRemoteTestNG.run(AbstractRemoteTestNG.java:132)
	at org.testng.remote.RemoteTestNG.initAndRun(RemoteTestNG.java:230)
	at org.testng.remote.RemoteTestNG.main(RemoteTestNG.java:76)
]]>
            </full-stacktrace>
          </exception> <!-- java.lang.AssertionError -->
          <reporter-output>
          </reporter-output>
        </test-method> <!-- startTutorials -->
        <test-method status="PASS" signature="teardown()[pri:0, instance:com.fb.web.FbTest@5abca1e0]" name="teardown" is-config="true" duration-ms="2664" started-at="2017-07-19T10:54:11Z" finished-at="2017-07-19T10:54:14Z">
          <reporter-output>
          </reporter-output>
        </test-method> <!-- teardown -->
      </class> <!-- com.fb.web.FbTest -->
    </test> <!-- Default test -->
  </suite> <!-- Default suite -->
</testng-results>
